This file contains any messages produced by compilers while
running configure, to aid debugging if configure makes a mistake.

It was created by libusb configure 1.0.9, which was
generated by GNU Autoconf 2.68.  Invocation command line was

  $ ./configure --disable-timerfd

## --------- ##
## Platform. ##
## --------- ##

hostname = lo52tp-VirtualBox
uname -m = x86_64
uname -r = 3.13.0-63-generic
uname -s = Linux
uname -v = #104~precise1-Ubuntu SMP Tue Aug 18 17:03:03 UTC 2015

/usr/bin/uname -p = unknown
/bin/uname -X     = unknown

/bin/arch              = unknown
/usr/bin/arch -k       = unknown
/usr/convex/getsysinfo = unknown
/usr/bin/hostinfo      = unknown
/bin/machine           = unknown
/usr/bin/oslevel       = unknown
/bin/universe          = unknown

PATH: /usr/lib/jvm/java-6-sun/bin
PATH: /usr/lib/lightdm/lightdm
PATH: /usr/local/sbin
PATH: /usr/local/bin
PATH: /usr/sbin
PATH: /usr/bin
PATH: /sbin
PATH: /bin
PATH: /usr/games
PATH: /home/lo52tp/LO52_projet/Sources/linaro-ics-tp/out/host/linux-x86/bin
PATH: /home/lo52tp/LO52_projet/Sources/linaro-ics-tp/prebuilt/linux-x86/toolchain/arm-linux-androideabi-4.4.x/bin
PATH: /home/lo52tp/LO52_projet/Sources/linaro-ics-tp/development/emulator/qtools
PATH: /home/lo52tp/LO52_projet/Sources/linaro-ics-tp/prebuilt/linux-x86/toolchain/arm-linux-androideabi-4.4.x/bin
PATH: /home/lo52tp/LO52_projet/Sources/linaro-ics-tp/prebuilt/linux-x86/toolchain/arm-eabi-4.4.3/bin


## ----------- ##
## Core tests. ##
## ----------- ##

configure:2376: checking for a BSD-compatible install
configure:2444: result: /usr/bin/install -c
configure:2455: checking whether build environment is sane
configure:2505: result: yes
configure:2646: checking for a thread-safe mkdir -p
configure:2685: result: /bin/mkdir -p
configure:2698: checking for gawk
configure:2728: result: no
configure:2698: checking for mawk
configure:2714: found /usr/bin/mawk
configure:2725: result: mawk
configure:2736: checking whether make sets $(MAKE)
configure:2758: result: yes
configure:2839: checking whether to enable maintainer-specific portions of Makefiles
configure:2848: result: no
configure:2877: checking whether make supports nested variables
configure:2894: result: yes
configure:2955: checking for gcc
configure:2971: found /usr/bin/gcc
configure:2982: result: gcc
configure:3211: checking for C compiler version
configure:3220: gcc --version >&5
gcc (Ubuntu/Linaro 4.6.3-1ubuntu5) 4.6.3
Copyright (C) 2011 Free Software Foundation, Inc.
This is free software; see the source for copying conditions.  There is NO
warranty; not even for MERCHANTABILITY or FITNESS FOR A PARTICULAR PURPOSE.

configure:3231: $? = 0
configure:3220: gcc -v >&5
Using built-in specs.
COLLECT_GCC=gcc
COLLECT_LTO_WRAPPER=/usr/lib/gcc/x86_64-linux-gnu/4.6/lto-wrapper
Target: x86_64-linux-gnu
Configured with: ../src/configure -v --with-pkgversion='Ubuntu/Linaro 4.6.3-1ubuntu5' --with-bugurl=file:///usr/share/doc/gcc-4.6/README.Bugs --enable-languages=c,c++,fortran,objc,obj-c++ --prefix=/usr --program-suffix=-4.6 --enable-shared --enable-linker-build-id --with-system-zlib --libexecdir=/usr/lib --without-included-gettext --enable-threads=posix --with-gxx-include-dir=/usr/include/c++/4.6 --libdir=/usr/lib --enable-nls --with-sysroot=/ --enable-clocale=gnu --enable-libstdcxx-debug --enable-libstdcxx-time=yes --enable-gnu-unique-object --enable-plugin --enable-objc-gc --disable-werror --with-arch-32=i686 --with-tune=generic --enable-checking=release --build=x86_64-linux-gnu --host=x86_64-linux-gnu --target=x86_64-linux-gnu
Thread model: posix
gcc version 4.6.3 (Ubuntu/Linaro 4.6.3-1ubuntu5) 
configure:3231: $? = 0
configure:3220: gcc -V >&5
gcc: error: unrecognized option '-V'
gcc: fatal error: no input files
compilation terminated.
configure:3231: $? = 4
configure:3220: gcc -qversion >&5
gcc: error: unrecognized option '-qversion'
gcc: fatal error: no input files
compilation terminated.
configure:3231: $? = 4
configure:3251: checking whether the C compiler works
configure:3273: gcc    conftest.c  >&5
configure:3277: $? = 0
configure:3325: result: yes
configure:3328: checking for C compiler default output file name
configure:3330: result: a.out
configure:3336: checking for suffix of executables
configure:3343: gcc -o conftest    conftest.c  >&5
configure:3347: $? = 0
configure:3369: result: 
configure:3391: checking whether we are cross compiling
configure:3399: gcc -o conftest    conftest.c  >&5
configure:3403: $? = 0
configure:3410: ./conftest
configure:3414: $? = 0
configure:3429: result: no
configure:3434: checking for suffix of object files
configure:3456: gcc -c   conftest.c >&5
configure:3460: $? = 0
configure:3481: result: o
configure:3485: checking whether we are using the GNU C compiler
configure:3504: gcc -c   conftest.c >&5
configure:3504: $? = 0
configure:3513: result: yes
configure:3522: checking whether gcc accepts -g
configure:3542: gcc -c -g  conftest.c >&5
configure:3542: $? = 0
configure:3583: result: yes
configure:3600: checking for gcc option to accept ISO C89
configure:3664: gcc  -c -g -O2  conftest.c >&5
configure:3664: $? = 0
configure:3677: result: none needed
configure:3708: checking for style of include used by make
configure:3736: result: GNU
configure:3762: checking dependency style of gcc
configure:3873: result: gcc3
configure:3917: checking build system type
configure:3931: result: x86_64-unknown-linux-gnu
configure:3951: checking host system type
configure:3964: result: x86_64-unknown-linux-gnu
configure:4005: checking how to print strings
configure:4032: result: printf
configure:4053: checking for a sed that does not truncate output
configure:4117: result: /bin/sed
configure:4135: checking for grep that handles long lines and -e
configure:4193: result: /bin/grep
configure:4198: checking for egrep
configure:4260: result: /bin/grep -E
configure:4265: checking for fgrep
configure:4327: result: /bin/grep -F
configure:4362: checking for ld used by gcc
configure:4429: result: /usr/bin/ld
configure:4436: checking if the linker (/usr/bin/ld) is GNU ld
configure:4451: result: yes
configure:4463: checking for BSD- or MS-compatible name lister (nm)
configure:4512: result: /usr/bin/nm -B
configure:4642: checking the name lister (/usr/bin/nm -B) interface
configure:4649: gcc -c -g -O2  conftest.c >&5
configure:4652: /usr/bin/nm -B "conftest.o"
configure:4655: output
0000000000000000 B some_variable
configure:4662: result: BSD nm
configure:4665: checking whether ln -s works
configure:4669: result: yes
configure:4677: checking the maximum length of command line arguments
configure:4807: result: 1572864
configure:4824: checking whether the shell understands some XSI constructs
configure:4834: result: yes
configure:4838: checking whether the shell understands "+="
configure:4844: result: yes
configure:4879: checking how to convert x86_64-unknown-linux-gnu file names to x86_64-unknown-linux-gnu format
configure:4919: result: func_convert_file_noop
configure:4926: checking how to convert x86_64-unknown-linux-gnu file names to toolchain format
configure:4946: result: func_convert_file_noop
configure:4953: checking for /usr/bin/ld option to reload object files
configure:4960: result: -r
configure:5034: checking for objdump
configure:5050: found /usr/bin/objdump
configure:5061: result: objdump
configure:5093: checking how to recognize dependent libraries
configure:5295: result: pass_all
configure:5380: checking for dlltool
configure:5410: result: no
configure:5440: checking how to associate runtime and link libraries
configure:5467: result: printf %s\n
configure:5528: checking for ar
configure:5544: found /usr/bin/ar
configure:5555: result: ar
configure:5592: checking for archiver @FILE support
configure:5609: gcc -c -g -O2  conftest.c >&5
configure:5609: $? = 0
configure:5612: ar cru libconftest.a @conftest.lst >&5
configure:5615: $? = 0
configure:5620: ar cru libconftest.a @conftest.lst >&5
ar: conftest.o: No such file or directory
configure:5623: $? = 1
configure:5635: result: @
configure:5693: checking for strip
configure:5709: found /usr/bin/strip
configure:5720: result: strip
configure:5792: checking for ranlib
configure:5808: found /usr/bin/ranlib
configure:5819: result: ranlib
configure:5921: checking command to parse /usr/bin/nm -B output from gcc object
configure:6041: gcc -c -g -O2  conftest.c >&5
configure:6044: $? = 0
configure:6048: /usr/bin/nm -B conftest.o \| sed -n -e 's/^.*[ ]\([ABCDGIRSTW][ABCDGIRSTW]*\)[ ][ ]*\([_A-Za-z][_A-Za-z0-9]*\)$/\1 \2 \2/p' | sed '/ __gnu_lto/d' \> conftest.nm
configure:6051: $? = 0
configure:6117: gcc -o conftest -g -O2   conftest.c conftstm.o >&5
configure:6120: $? = 0
configure:6158: result: ok
configure:6195: checking for sysroot
configure:6225: result: no
configure:6302: gcc -c -g -O2  conftest.c >&5
configure:6305: $? = 0
configure:6481: checking for mt
configure:6497: found /bin/mt
configure:6508: result: mt
configure:6531: checking if mt is a manifest tool
configure:6537: mt '-?'
configure:6545: result: no
configure:7187: checking how to run the C preprocessor
configure:7218: gcc -E  conftest.c
configure:7218: $? = 0
configure:7232: gcc -E  conftest.c
conftest.c:11:28: fatal error: ac_nonexistent.h: No such file or directory
compilation terminated.
configure:7232: $? = 1
configure: failed program was:
| /* confdefs.h */
| #define PACKAGE_NAME "libusb"
| #define PACKAGE_TARNAME "libusb"
| #define PACKAGE_VERSION "1.0.9"
| #define PACKAGE_STRING "libusb 1.0.9"
| #define PACKAGE_BUGREPORT "libusb-devel@lists.sourceforge.net"
| #define PACKAGE_URL "http://www.libusb.org/"
| #define PACKAGE "libusb"
| #define VERSION "1.0.9"
| /* end confdefs.h.  */
| #include <ac_nonexistent.h>
configure:7257: result: gcc -E
configure:7277: gcc -E  conftest.c
configure:7277: $? = 0
configure:7291: gcc -E  conftest.c
conftest.c:11:28: fatal error: ac_nonexistent.h: No such file or directory
compilation terminated.
configure:7291: $? = 1
configure: failed program was:
| /* confdefs.h */
| #define PACKAGE_NAME "libusb"
| #define PACKAGE_TARNAME "libusb"
| #define PACKAGE_VERSION "1.0.9"
| #define PACKAGE_STRING "libusb 1.0.9"
| #define PACKAGE_BUGREPORT "libusb-devel@lists.sourceforge.net"
| #define PACKAGE_URL "http://www.libusb.org/"
| #define PACKAGE "libusb"
| #define VERSION "1.0.9"
| /* end confdefs.h.  */
| #include <ac_nonexistent.h>
configure:7320: checking for ANSI C header files
configure:7340: gcc -c -g -O2  conftest.c >&5
configure:7340: $? = 0
configure:7413: gcc -o conftest -g -O2   conftest.c  >&5
configure:7413: $? = 0
configure:7413: ./conftest
configure:7413: $? = 0
configure:7424: result: yes
configure:7437: checking for sys/types.h
configure:7437: gcc -c -g -O2  conftest.c >&5
configure:7437: $? = 0
configure:7437: result: yes
configure:7437: checking for sys/stat.h
configure:7437: gcc -c -g -O2  conftest.c >&5
configure:7437: $? = 0
configure:7437: result: yes
configure:7437: checking for stdlib.h
configure:7437: gcc -c -g -O2  conftest.c >&5
configure:7437: $? = 0
configure:7437: result: yes
configure:7437: checking for string.h
configure:7437: gcc -c -g -O2  conftest.c >&5
configure:7437: $? = 0
configure:7437: result: yes
configure:7437: checking for memory.h
configure:7437: gcc -c -g -O2  conftest.c >&5
configure:7437: $? = 0
configure:7437: result: yes
configure:7437: checking for strings.h
configure:7437: gcc -c -g -O2  conftest.c >&5
configure:7437: $? = 0
configure:7437: result: yes
configure:7437: checking for inttypes.h
configure:7437: gcc -c -g -O2  conftest.c >&5
configure:7437: $? = 0
configure:7437: result: yes
configure:7437: checking for stdint.h
configure:7437: gcc -c -g -O2  conftest.c >&5
configure:7437: $? = 0
configure:7437: result: yes
configure:7437: checking for unistd.h
configure:7437: gcc -c -g -O2  conftest.c >&5
configure:7437: $? = 0
configure:7437: result: yes
configure:7451: checking for dlfcn.h
configure:7451: gcc -c -g -O2  conftest.c >&5
configure:7451: $? = 0
configure:7451: result: yes
configure:7657: checking for objdir
configure:7672: result: .libs
configure:7939: checking if gcc supports -fno-rtti -fno-exceptions
configure:7957: gcc -c -g -O2  -fno-rtti -fno-exceptions conftest.c >&5
cc1: warning: command line option '-fno-rtti' is valid for C++/ObjC++ but not for C [enabled by default]
configure:7961: $? = 0
configure:7974: result: no
configure:8301: checking for gcc option to produce PIC
configure:8308: result: -fPIC -DPIC
configure:8316: checking if gcc PIC flag -fPIC -DPIC works
configure:8334: gcc -c -g -O2  -fPIC -DPIC -DPIC conftest.c >&5
configure:8338: $? = 0
configure:8351: result: yes
configure:8380: checking if gcc static flag -static works
configure:8408: result: yes
configure:8423: checking if gcc supports -c -o file.o
configure:8444: gcc -c -g -O2  -o out/conftest2.o conftest.c >&5
configure:8448: $? = 0
configure:8470: result: yes
configure:8478: checking if gcc supports -c -o file.o
configure:8525: result: yes
configure:8558: checking whether the gcc linker (/usr/bin/ld -m elf_x86_64) supports shared libraries
configure:9715: result: yes
configure:9752: checking whether -lc should be explicitly linked in
configure:9760: gcc -c -g -O2  conftest.c >&5
configure:9763: $? = 0
configure:9778: gcc -shared  -fPIC -DPIC conftest.o  -v -Wl,-soname -Wl,conftest -o conftest 2\>\&1 \| /bin/grep  -lc  \>/dev/null 2\>\&1
configure:9781: $? = 0
configure:9795: result: no
configure:9955: checking dynamic linker characteristics
configure:10466: gcc -o conftest -g -O2   -Wl,-rpath -Wl,/foo conftest.c  >&5
configure:10466: $? = 0
configure:10700: result: GNU/Linux ld.so
configure:10807: checking how to hardcode library paths into programs
configure:10832: result: immediate
configure:11372: checking whether stripping libraries is possible
configure:11377: result: yes
configure:11412: checking if libtool supports shared libraries
configure:11414: result: yes
configure:11417: checking whether to build shared libraries
configure:11438: result: yes
configure:11441: checking whether to build static libraries
configure:11445: result: yes
configure:11525: checking for windres
configure:11555: result: no
configure:11659: checking for inline
configure:11675: gcc -c -g -O2  conftest.c >&5
configure:11675: $? = 0
configure:11683: result: inline
configure:11702: checking whether gcc and cc understand -c and -o together
configure:11733: gcc -c conftest.c -o conftest2.o >&5
configure:11737: $? = 0
configure:11743: gcc -c conftest.c -o conftest2.o >&5
configure:11747: $? = 0
configure:11758: cc -c conftest.c >&5
configure:11762: $? = 0
configure:11770: cc -c conftest.c -o conftest2.o >&5
configure:11774: $? = 0
configure:11780: cc -c conftest.c -o conftest2.o >&5
configure:11784: $? = 0
configure:11802: result: yes
configure:11833: checking operating system
configure:11837: result: Linux
configure:11876: checking for library containing clock_gettime
configure:11907: gcc -o conftest -g -O2   conftest.c  >&5
/tmp/ccrGZNPT.o: In function `main':
/home/lo52tp/LO52_projet/Sources/linaro-ics-tp/device/utbm/samzeu/libusb-1.0.3/conftest.c:36: undefined reference to `clock_gettime'
collect2: ld returned 1 exit status
configure:11907: $? = 1
configure: failed program was:
| /* confdefs.h */
| #define PACKAGE_NAME "libusb"
| #define PACKAGE_TARNAME "libusb"
| #define PACKAGE_VERSION "1.0.9"
| #define PACKAGE_STRING "libusb 1.0.9"
| #define PACKAGE_BUGREPORT "libusb-devel@lists.sourceforge.net"
| #define PACKAGE_URL "http://www.libusb.org/"
| #define PACKAGE "libusb"
| #define VERSION "1.0.9"
| #define STDC_HEADERS 1
| #define HAVE_SYS_TYPES_H 1
| #define HAVE_SYS_STAT_H 1
| #define HAVE_STDLIB_H 1
| #define HAVE_STRING_H 1
| #define HAVE_MEMORY_H 1
| #define HAVE_STRINGS_H 1
| #define HAVE_INTTYPES_H 1
| #define HAVE_STDINT_H 1
| #define HAVE_UNISTD_H 1
| #define HAVE_DLFCN_H 1
| #define LT_OBJDIR ".libs/"
| #define _GNU_SOURCE 1
| #define OS_LINUX 1
| /* end confdefs.h.  */
| 
| /* Override any GCC internal prototype to avoid an error.
|    Use char because int might match the return type of a GCC
|    builtin and then its argument prototype would still apply.  */
| #ifdef __cplusplus
| extern "C"
| #endif
| char clock_gettime ();
| int
| main ()
| {
| return clock_gettime ();
|   ;
|   return 0;
| }
configure:11907: gcc -o conftest -g -O2   conftest.c -lrt -pthread  >&5
configure:11907: $? = 0
configure:11924: result: -lrt
configure:11937: checking poll.h usability
configure:11937: gcc -c -g -O2  conftest.c >&5
configure:11937: $? = 0
configure:11937: result: yes
configure:11937: checking poll.h presence
configure:11937: gcc -E  conftest.c
configure:11937: $? = 0
configure:11937: result: yes
configure:11937: checking for poll.h
configure:11937: result: yes
configure:12069: checking sys/timerfd.h usability
configure:12069: gcc -c -g -O2  conftest.c >&5
configure:12069: $? = 0
configure:12069: result: yes
configure:12069: checking sys/timerfd.h presence
configure:12069: gcc -E  conftest.c
configure:12069: $? = 0
configure:12069: result: yes
configure:12069: checking for sys/timerfd.h
configure:12069: result: yes
configure:12089: checking whether TFD_NONBLOCK is declared
configure:12089: gcc -c -g -O2  conftest.c >&5
configure:12089: $? = 0
configure:12089: result: yes
configure:12101: checking whether to use timerfd for timing
configure:12104: result: no (disabled by user)
configure:12119: checking for struct timespec
configure:12119: gcc -c -g -O2  conftest.c >&5
configure:12119: $? = 0
configure:12119: gcc -c -g -O2  conftest.c >&5
conftest.c: In function 'main':
conftest.c:64:30: error: expected expression before ')' token
configure:12119: $? = 1
configure: failed program was:
| /* confdefs.h */
| #define PACKAGE_NAME "libusb"
| #define PACKAGE_TARNAME "libusb"
| #define PACKAGE_VERSION "1.0.9"
| #define PACKAGE_STRING "libusb 1.0.9"
| #define PACKAGE_BUGREPORT "libusb-devel@lists.sourceforge.net"
| #define PACKAGE_URL "http://www.libusb.org/"
| #define PACKAGE "libusb"
| #define VERSION "1.0.9"
| #define STDC_HEADERS 1
| #define HAVE_SYS_TYPES_H 1
| #define HAVE_SYS_STAT_H 1
| #define HAVE_STDLIB_H 1
| #define HAVE_STRING_H 1
| #define HAVE_MEMORY_H 1
| #define HAVE_STRINGS_H 1
| #define HAVE_INTTYPES_H 1
| #define HAVE_STDINT_H 1
| #define HAVE_UNISTD_H 1
| #define HAVE_DLFCN_H 1
| #define LT_OBJDIR ".libs/"
| #define _GNU_SOURCE 1
| #define OS_LINUX 1
| #define HAVE_POLL_H 1
| #define POLL_NFDS_TYPE nfds_t
| #define THREADS_POSIX 1
| /* end confdefs.h.  */
| #include <stdio.h>
| #ifdef HAVE_SYS_TYPES_H
| # include <sys/types.h>
| #endif
| #ifdef HAVE_SYS_STAT_H
| # include <sys/stat.h>
| #endif
| #ifdef STDC_HEADERS
| # include <stdlib.h>
| # include <stddef.h>
| #else
| # ifdef HAVE_STDLIB_H
| #  include <stdlib.h>
| # endif
| #endif
| #ifdef HAVE_STRING_H
| # if !defined STDC_HEADERS && defined HAVE_MEMORY_H
| #  include <memory.h>
| # endif
| # include <string.h>
| #endif
| #ifdef HAVE_STRINGS_H
| # include <strings.h>
| #endif
| #ifdef HAVE_INTTYPES_H
| # include <inttypes.h>
| #endif
| #ifdef HAVE_STDINT_H
| # include <stdint.h>
| #endif
| #ifdef HAVE_UNISTD_H
| # include <unistd.h>
| #endif
| int
| main ()
| {
| if (sizeof ((struct timespec)))
| 	    return 0;
|   ;
|   return 0;
| }
configure:12119: result: yes
configure:12189: gcc -c -g -O2 -Werror -fvisibility=hidden  conftest.c >&5
configure:12189: $? = 0
configure:12217: gcc -c -g -O2 -Wno-pointer-sign  conftest.c >&5
configure:12217: $? = 0
configure:12226: checking for sigaction
configure:12226: gcc -o conftest -g -O2   conftest.c -lrt  -pthread >&5
configure:12226: $? = 0
configure:12226: result: yes
configure:12245: checking sys/time.h usability
configure:12245: gcc -c -g -O2  conftest.c >&5
configure:12245: $? = 0
configure:12245: result: yes
configure:12245: checking sys/time.h presence
configure:12245: gcc -E  conftest.c
configure:12245: $? = 0
configure:12245: result: yes
configure:12245: checking for sys/time.h
configure:12245: result: yes
configure:12257: checking for gettimeofday
configure:12257: gcc -o conftest -g -O2   conftest.c -lrt  -pthread >&5
configure:12257: $? = 0
configure:12257: result: yes
configure:12446: creating ./config.status

## ---------------------- ##
## Running config.status. ##
## ---------------------- ##

This file was extended by libusb config.status 1.0.9, which was
generated by GNU Autoconf 2.68.  Invocation command line was

  CONFIG_FILES    = 
  CONFIG_HEADERS  = 
  CONFIG_LINKS    = 
  CONFIG_COMMANDS = 
  $ ./config.status 

on lo52tp-VirtualBox

config.status:1176: creating libusb-1.0.pc
config.status:1176: creating Makefile
config.status:1176: creating libusb/Makefile
config.status:1176: creating examples/Makefile
config.status:1176: creating doc/Makefile
config.status:1176: creating doc/doxygen.cfg
config.status:1176: creating config.h
config.status:1357: config.h is unchanged
config.status:1405: executing depfiles commands
config.status:1405: executing libtool commands

## ---------------- ##
## Cache variables. ##
## ---------------- ##

ac_cv_build=x86_64-unknown-linux-gnu
ac_cv_c_compiler_gnu=yes
ac_cv_c_inline=inline
ac_cv_env_CC_set=
ac_cv_env_CC_value=
ac_cv_env_CFLAGS_set=
ac_cv_env_CFLAGS_value=
ac_cv_env_CPPFLAGS_set=
ac_cv_env_CPPFLAGS_value=
ac_cv_env_CPP_set=
ac_cv_env_CPP_value=
ac_cv_env_LDFLAGS_set=
ac_cv_env_LDFLAGS_value=
ac_cv_env_LIBS_set=
ac_cv_env_LIBS_value=
ac_cv_env_build_alias_set=
ac_cv_env_build_alias_value=
ac_cv_env_host_alias_set=
ac_cv_env_host_alias_value=
ac_cv_env_target_alias_set=
ac_cv_env_target_alias_value=
ac_cv_func_gettimeofday=yes
ac_cv_func_sigaction=yes
ac_cv_have_decl_TFD_NONBLOCK=yes
ac_cv_header_dlfcn_h=yes
ac_cv_header_inttypes_h=yes
ac_cv_header_memory_h=yes
ac_cv_header_poll_h=yes
ac_cv_header_stdc=yes
ac_cv_header_stdint_h=yes
ac_cv_header_stdlib_h=yes
ac_cv_header_string_h=yes
ac_cv_header_strings_h=yes
ac_cv_header_sys_stat_h=yes
ac_cv_header_sys_time_h=yes
ac_cv_header_sys_timerfd_h=yes
ac_cv_header_sys_types_h=yes
ac_cv_header_unistd_h=yes
ac_cv_host=x86_64-unknown-linux-gnu
ac_cv_objext=o
ac_cv_path_EGREP='/bin/grep -E'
ac_cv_path_FGREP='/bin/grep -F'
ac_cv_path_GREP=/bin/grep
ac_cv_path_SED=/bin/sed
ac_cv_path_install='/usr/bin/install -c'
ac_cv_path_mkdir=/bin/mkdir
ac_cv_prog_AWK=mawk
ac_cv_prog_CPP='gcc -E'
ac_cv_prog_ac_ct_AR=ar
ac_cv_prog_ac_ct_CC=gcc
ac_cv_prog_ac_ct_MANIFEST_TOOL=mt
ac_cv_prog_ac_ct_OBJDUMP=objdump
ac_cv_prog_ac_ct_RANLIB=ranlib
ac_cv_prog_ac_ct_STRIP=strip
ac_cv_prog_cc_c89=
ac_cv_prog_cc_g=yes
ac_cv_prog_cc_gcc_c_o=yes
ac_cv_prog_make_make_set=yes
ac_cv_search_clock_gettime=-lrt
ac_cv_type_struct_timespec=yes
am_cv_CC_dependencies_compiler_type=gcc3
am_cv_make_support_nested_variables=yes
lt_cv_ar_at_file=@
lt_cv_archive_cmds_need_lc=no
lt_cv_deplibs_check_method=pass_all
lt_cv_file_magic_cmd='$MAGIC_CMD'
lt_cv_file_magic_test_file=
lt_cv_ld_reload_flag=-r
lt_cv_nm_interface='BSD nm'
lt_cv_objdir=.libs
lt_cv_path_LD=/usr/bin/ld
lt_cv_path_NM='/usr/bin/nm -B'
lt_cv_path_mainfest_tool=no
lt_cv_prog_compiler_c_o=yes
lt_cv_prog_compiler_c_o_RC=yes
lt_cv_prog_compiler_pic='-fPIC -DPIC'
lt_cv_prog_compiler_pic_works=yes
lt_cv_prog_compiler_rtti_exceptions=no
lt_cv_prog_compiler_static_works=yes
lt_cv_prog_gnu_ld=yes
lt_cv_sharedlib_from_linklib_cmd='printf %s\n'
lt_cv_shlibpath_overrides_runpath=no
lt_cv_sys_global_symbol_pipe='sed -n -e '\''s/^.*[	 ]\([ABCDGIRSTW][ABCDGIRSTW]*\)[	 ][	 ]*\([_A-Za-z][_A-Za-z0-9]*\)$/\1 \2 \2/p'\'' | sed '\''/ __gnu_lto/d'\'''
lt_cv_sys_global_symbol_to_c_name_address='sed -n -e '\''s/^: \([^ ]*\)[ ]*$/  {\"\1\", (void *) 0},/p'\'' -e '\''s/^[ABCDGIRSTW]* \([^ ]*\) \([^ ]*\)$/  {"\2", (void *) \&\2},/p'\'''
lt_cv_sys_global_symbol_to_c_name_address_lib_prefix='sed -n -e '\''s/^: \([^ ]*\)[ ]*$/  {\"\1\", (void *) 0},/p'\'' -e '\''s/^[ABCDGIRSTW]* \([^ ]*\) \(lib[^ ]*\)$/  {"\2", (void *) \&\2},/p'\'' -e '\''s/^[ABCDGIRSTW]* \([^ ]*\) \([^ ]*\)$/  {"lib\2", (void *) \&\2},/p'\'''
lt_cv_sys_global_symbol_to_cdecl='sed -n -e '\''s/^T .* \(.*\)$/extern int \1();/p'\'' -e '\''s/^[ABCDGIRSTW]* .* \(.*\)$/extern char \1;/p'\'''
lt_cv_sys_max_cmd_len=1572864
lt_cv_to_host_file_cmd=func_convert_file_noop
lt_cv_to_tool_file_cmd=func_convert_file_noop

## ----------------- ##
## Output variables. ##
## ----------------- ##

ACLOCAL='${SHELL} /home/lo52tp/LO52_projet/Sources/linaro-ics-tp/device/utbm/samzeu/libusb-1.0.3/missing --run aclocal-1.11'
AMDEPBACKSLASH='\'
AMDEP_FALSE='#'
AMDEP_TRUE=''
AMTAR='$${TAR-tar}'
AM_BACKSLASH='\'
AM_CFLAGS='-std=gnu99 -Wall -Wundef -Wunused -Wstrict-prototypes -Werror-implicit-function-declaration -Wno-pointer-sign -Wshadow -pthread -fvisibility=hidden'
AM_DEFAULT_V='$(AM_DEFAULT_VERBOSITY)'
AM_DEFAULT_VERBOSITY='0'
AM_V='$(V)'
AR='ar'
AUTOCONF='${SHELL} /home/lo52tp/LO52_projet/Sources/linaro-ics-tp/device/utbm/samzeu/libusb-1.0.3/missing --run autoconf'
AUTOHEADER='${SHELL} /home/lo52tp/LO52_projet/Sources/linaro-ics-tp/device/utbm/samzeu/libusb-1.0.3/missing --run autoheader'
AUTOMAKE='${SHELL} /home/lo52tp/LO52_projet/Sources/linaro-ics-tp/device/utbm/samzeu/libusb-1.0.3/missing --run automake-1.11'
AWK='mawk'
BUILD_EXAMPLES_FALSE=''
BUILD_EXAMPLES_TRUE='#'
CC='gcc'
CCDEPMODE='depmode=gcc3'
CFLAGS='-g -O2'
CPP='gcc -E'
CPPFLAGS=''
CYGPATH_W='echo'
DEFS='-DHAVE_CONFIG_H'
DEPDIR='.deps'
DLLTOOL='false'
DSYMUTIL=''
DUMPBIN=''
ECHO_C=''
ECHO_N='-n'
ECHO_T=''
EGREP='/bin/grep -E'
EXEEXT=''
FGREP='/bin/grep -F'
GREP='/bin/grep'
HAVE_SIGACTION_FALSE='#'
HAVE_SIGACTION_TRUE=''
INSTALL_DATA='${INSTALL} -m 644'
INSTALL_PROGRAM='${INSTALL}'
INSTALL_SCRIPT='${INSTALL}'
INSTALL_STRIP_PROGRAM='$(install_sh) -c -s'
LD='/usr/bin/ld -m elf_x86_64'
LDFLAGS=''
LIBOBJS=''
LIBS='-lrt  -pthread'
LIBTOOL='$(SHELL) $(top_builddir)/libtool'
LIPO=''
LN_S='ln -s'
LTLDFLAGS='-version-info 1:0:1 -no-undefined'
LTLIBOBJS=''
MAINT='#'
MAINTAINER_MODE_FALSE=''
MAINTAINER_MODE_TRUE='#'
MAKEINFO='${SHELL} /home/lo52tp/LO52_projet/Sources/linaro-ics-tp/device/utbm/samzeu/libusb-1.0.3/missing --run makeinfo'
MANIFEST_TOOL=':'
MKDIR_P='/bin/mkdir -p'
NM='/usr/bin/nm -B'
NMEDIT=''
OBJDUMP='objdump'
OBJEXT='o'
OS_DARWIN=''
OS_DARWIN_FALSE=''
OS_DARWIN_TRUE='#'
OS_LINUX=''
OS_LINUX_FALSE='#'
OS_LINUX_TRUE=''
OS_OPENBSD=''
OS_OPENBSD_FALSE=''
OS_OPENBSD_TRUE='#'
OS_WINDOWS=''
OS_WINDOWS_FALSE=''
OS_WINDOWS_TRUE='#'
OTOOL64=''
OTOOL=''
PACKAGE='libusb'
PACKAGE_BUGREPORT='libusb-devel@lists.sourceforge.net'
PACKAGE_NAME='libusb'
PACKAGE_STRING='libusb 1.0.9'
PACKAGE_TARNAME='libusb'
PACKAGE_URL='http://www.libusb.org/'
PACKAGE_VERSION='1.0.9'
PATH_SEPARATOR=':'
RANLIB='ranlib'
RC=''
SED='/bin/sed'
SET_MAKE=''
SHELL='/bin/bash'
STRIP='strip'
THREADS_POSIX_FALSE='#'
THREADS_POSIX_TRUE=''
VERSION='1.0.9'
ac_ct_AR='ar'
ac_ct_CC='gcc'
ac_ct_DUMPBIN=''
am__EXEEXT_FALSE=''
am__EXEEXT_TRUE='#'
am__fastdepCC_FALSE='#'
am__fastdepCC_TRUE=''
am__include='include'
am__isrc=''
am__leading_dot='.'
am__nodep='_no'
am__quote=''
am__tar='$${TAR-tar} chof - "$$tardir"'
am__untar='$${TAR-tar} xf -'
bindir='${exec_prefix}/bin'
build='x86_64-unknown-linux-gnu'
build_alias=''
build_cpu='x86_64'
build_os='linux-gnu'
build_vendor='unknown'
datadir='${datarootdir}'
datarootdir='${prefix}/share'
docdir='${datarootdir}/doc/${PACKAGE_TARNAME}'
dvidir='${docdir}'
exec_prefix='${prefix}'
host='x86_64-unknown-linux-gnu'
host_alias=''
host_cpu='x86_64'
host_os='linux-gnu'
host_vendor='unknown'
htmldir='${docdir}'
includedir='${prefix}/include'
infodir='${datarootdir}/info'
install_sh='${SHELL} /home/lo52tp/LO52_projet/Sources/linaro-ics-tp/device/utbm/samzeu/libusb-1.0.3/install-sh'
libdir='${exec_prefix}/lib'
libexecdir='${exec_prefix}/libexec'
localedir='${datarootdir}/locale'
localstatedir='${prefix}/var'
mandir='${datarootdir}/man'
mkdir_p='/bin/mkdir -p'
oldincludedir='/usr/include'
pdfdir='${docdir}'
prefix='/usr/local'
program_transform_name='s,x,x,'
psdir='${docdir}'
sbindir='${exec_prefix}/sbin'
sharedstatedir='${prefix}/com'
sysconfdir='${prefix}/etc'
target_alias=''

## ----------- ##
## confdefs.h. ##
## ----------- ##

/* confdefs.h */
#define PACKAGE_NAME "libusb"
#define PACKAGE_TARNAME "libusb"
#define PACKAGE_VERSION "1.0.9"
#define PACKAGE_STRING "libusb 1.0.9"
#define PACKAGE_BUGREPORT "libusb-devel@lists.sourceforge.net"
#define PACKAGE_URL "http://www.libusb.org/"
#define PACKAGE "libusb"
#define VERSION "1.0.9"
#define STDC_HEADERS 1
#define HAVE_SYS_TYPES_H 1
#define HAVE_SYS_STAT_H 1
#define HAVE_STDLIB_H 1
#define HAVE_STRING_H 1
#define HAVE_MEMORY_H 1
#define HAVE_STRINGS_H 1
#define HAVE_INTTYPES_H 1
#define HAVE_STDINT_H 1
#define HAVE_UNISTD_H 1
#define HAVE_DLFCN_H 1
#define LT_OBJDIR ".libs/"
#define _GNU_SOURCE 1
#define OS_LINUX 1
#define HAVE_POLL_H 1
#define POLL_NFDS_TYPE nfds_t
#define THREADS_POSIX 1
#define HAVE_STRUCT_TIMESPEC 1
#define ENABLE_LOGGING 1
#define DEFAULT_VISIBILITY __attribute__((visibility("default")))
#define HAVE_SYS_TIME_H 1
#define HAVE_GETTIMEOFDAY 1

configure: exit 0
